{"/home/simone/git/handleSub/prisma/schema/sub.schema.ts": {"path":"/home/simone/git/handleSub/prisma/schema/sub.schema.ts","statementMap":{"0":{"start":{"line":1,"column":0},"end":{"line":1,"column":22}},"1":{"start":{"line":3,"column":13},"end":{"line":16,"column":3}},"2":{"start":{"line":17,"column":13},"end":{"line":28,"column":3}}},"fnMap":{},"branchMap":{},"s":{"0":1,"1":1,"2":1},"f":{},"b":{}}
,"/home/simone/git/handleSub/prisma/schema/user.schema.ts": {"path":"/home/simone/git/handleSub/prisma/schema/user.schema.ts","statementMap":{"0":{"start":{"line":1,"column":0},"end":{"line":1,"column":22}},"1":{"start":{"line":3,"column":13},"end":{"line":6,"column":3}}},"fnMap":{},"branchMap":{},"s":{"0":1,"1":1},"f":{},"b":{}}
,"/home/simone/git/handleSub/src/index.ts": {"path":"/home/simone/git/handleSub/src/index.ts","statementMap":{"0":{"start":{"line":1,"column":0},"end":{"line":1,"column":30}},"1":{"start":{"line":2,"column":0},"end":{"line":2,"column":24}},"2":{"start":{"line":3,"column":0},"end":{"line":3,"column":28}},"3":{"start":{"line":4,"column":0},"end":{"line":4,"column":46}},"4":{"start":{"line":5,"column":0},"end":{"line":5,"column":53}},"5":{"start":{"line":6,"column":0},"end":{"line":6,"column":57}},"6":{"start":{"line":7,"column":0},"end":{"line":7,"column":24}},"7":{"start":{"line":8,"column":0},"end":{"line":8,"column":39}},"8":{"start":{"line":10,"column":13},"end":{"line":10,"column":29}},"9":{"start":{"line":12,"column":0},"end":{"line":12,"column":24}},"10":{"start":{"line":13,"column":0},"end":{"line":13,"column":18}},"11":{"start":{"line":14,"column":0},"end":{"line":14,"column":16}},"12":{"start":{"line":16,"column":0},"end":{"line":16,"column":34}},"13":{"start":{"line":17,"column":0},"end":{"line":17,"column":32}},"14":{"start":{"line":18,"column":0},"end":{"line":18,"column":22}},"15":{"start":{"line":20,"column":0},"end":{"line":22,"column":3}},"16":{"start":{"line":21,"column":2},"end":{"line":21,"column":42}},"17":{"start":{"line":23,"column":0},"end":{"line":25,"column":3}},"18":{"start":{"line":24,"column":2},"end":{"line":24,"column":62}}},"fnMap":{"0":{"name":"(anonymous_1)","decl":{"start":{"line":20,"column":13},"end":{"line":20,"column":14}},"loc":{"start":{"line":20,"column":26},"end":{"line":22,"column":1}}},"1":{"name":"(anonymous_2)","decl":{"start":{"line":23,"column":17},"end":{"line":23,"column":20}},"loc":{"start":{"line":23,"column":22},"end":{"line":25,"column":1}}}},"branchMap":{},"s":{"0":1,"1":1,"2":1,"3":1,"4":1,"5":1,"6":1,"7":1,"8":1,"9":1,"10":1,"11":1,"12":1,"13":1,"14":1,"15":1,"16":0,"17":1,"18":1},"f":{"0":0,"1":1},"b":{}}
,"/home/simone/git/handleSub/src/Router/subscription.routes.ts": {"path":"/home/simone/git/handleSub/src/Router/subscription.routes.ts","statementMap":{"0":{"start":{"line":1,"column":0},"end":{"line":1,"column":33}},"1":{"start":{"line":2,"column":0},"end":{"line":2,"column":null}},"2":{"start":{"line":10,"column":0},"end":{"line":10,"column":55}},"3":{"start":{"line":12,"column":15},"end":{"line":12,"column":23}},"4":{"start":{"line":14,"column":0},"end":{"line":14,"column":42}},"5":{"start":{"line":15,"column":0},"end":{"line":15,"column":43}},"6":{"start":{"line":16,"column":0},"end":{"line":16,"column":45}},"7":{"start":{"line":17,"column":0},"end":{"line":17,"column":47}},"8":{"start":{"line":18,"column":0},"end":{"line":18,"column":54}},"9":{"start":{"line":19,"column":0},"end":{"line":19,"column":47}},"10":{"start":{"line":21,"column":0},"end":{"line":21,"column":22}}},"fnMap":{},"branchMap":{},"s":{"0":1,"1":1,"2":1,"3":1,"4":1,"5":1,"6":1,"7":1,"8":1,"9":1,"10":1},"f":{},"b":{}}
,"/home/simone/git/handleSub/src/Router/user.routes.ts": {"path":"/home/simone/git/handleSub/src/Router/user.routes.ts","statementMap":{"0":{"start":{"line":1,"column":0},"end":{"line":1,"column":33}},"1":{"start":{"line":2,"column":0},"end":{"line":2,"column":null}},"2":{"start":{"line":7,"column":0},"end":{"line":7,"column":55}},"3":{"start":{"line":10,"column":15},"end":{"line":10,"column":23}},"4":{"start":{"line":12,"column":0},"end":{"line":12,"column":39}},"5":{"start":{"line":13,"column":0},"end":{"line":13,"column":33}},"6":{"start":{"line":14,"column":0},"end":{"line":14,"column":46}},"7":{"start":{"line":16,"column":0},"end":{"line":16,"column":22}}},"fnMap":{},"branchMap":{},"s":{"0":1,"1":1,"2":1,"3":1,"4":1,"5":1,"6":1,"7":1},"f":{},"b":{}}
,"/home/simone/git/handleSub/src/config/config.ts": {"path":"/home/simone/git/handleSub/src/config/config.ts","statementMap":{"0":{"start":{"line":1,"column":0},"end":{"line":1,"column":38}},"1":{"start":{"line":3,"column":0},"end":{"line":3,"column":15}},"2":{"start":{"line":5,"column":13},"end":{"line":5,"column":62}},"3":{"start":{"line":6,"column":13},"end":{"line":6,"column":68}},"4":{"start":{"line":7,"column":13},"end":{"line":7,"column":58}}},"fnMap":{},"branchMap":{"0":{"loc":{"start":{"line":6,"column":28},"end":{"line":6,"column":67}},"type":"binary-expr","locations":[{"start":{"line":6,"column":28},"end":{"line":6,"column":59}},{"start":{"line":6,"column":63},"end":{"line":6,"column":67}}]}},"s":{"0":1,"1":1,"2":1,"3":1,"4":1},"f":{},"b":{"0":[1,0]}}
,"/home/simone/git/handleSub/src/config/prisma.ts": {"path":"/home/simone/git/handleSub/src/config/prisma.ts","statementMap":{"0":{"start":{"line":1,"column":0},"end":{"line":1,"column":46}},"1":{"start":{"line":3,"column":13},"end":{"line":3,"column":41}},"2":{"start":{"line":5,"column":18},"end":{"line":13,"column":1}},"3":{"start":{"line":6,"column":2},"end":{"line":12,"column":3}},"4":{"start":{"line":7,"column":4},"end":{"line":7,"column":28}},"5":{"start":{"line":8,"column":4},"end":{"line":8,"column":53}},"6":{"start":{"line":10,"column":4},"end":{"line":10,"column":65}},"7":{"start":{"line":11,"column":4},"end":{"line":11,"column":20}},"8":{"start":{"line":15,"column":0},"end":{"line":15,"column":12}}},"fnMap":{"0":{"name":"(anonymous_0)","decl":{"start":{"line":5,"column":18},"end":{"line":5,"column":23}},"loc":{"start":{"line":5,"column":29},"end":{"line":13,"column":1}}}},"branchMap":{},"s":{"0":1,"1":1,"2":1,"3":1,"4":1,"5":1,"6":0,"7":0,"8":1},"f":{"0":1},"b":{}}
,"/home/simone/git/handleSub/src/config/redis.ts": {"path":"/home/simone/git/handleSub/src/config/redis.ts","statementMap":{"0":{"start":{"line":1,"column":0},"end":{"line":1,"column":37}},"1":{"start":{"line":3,"column":20},"end":{"line":3,"column":34}},"2":{"start":{"line":4,"column":0},"end":{"line":4,"column":68}},"3":{"start":{"line":4,"column":33},"end":{"line":4,"column":66}},"4":{"start":{"line":6,"column":0},"end":{"line":9,"column":5}},"5":{"start":{"line":7,"column":2},"end":{"line":7,"column":30}},"6":{"start":{"line":8,"column":2},"end":{"line":8,"column":38}},"7":{"start":{"line":10,"column":0},"end":{"line":10,"column":27}}},"fnMap":{"0":{"name":"(anonymous_0)","decl":{"start":{"line":4,"column":24},"end":{"line":4,"column":25}},"loc":{"start":{"line":4,"column":33},"end":{"line":4,"column":66}}},"1":{"name":"(anonymous_1)","decl":{"start":{"line":6,"column":1},"end":{"line":6,"column":6}},"loc":{"start":{"line":6,"column":12},"end":{"line":9,"column":1}}}},"branchMap":{},"s":{"0":1,"1":1,"2":1,"3":0,"4":1,"5":1,"6":1,"7":1},"f":{"0":0,"1":1},"b":{}}
,"/home/simone/git/handleSub/src/controller/subscription.controller.ts": {"path":"/home/simone/git/handleSub/src/controller/subscription.controller.ts","statementMap":{"0":{"start":{"line":2,"column":0},"end":{"line":2,"column":80}},"1":{"start":{"line":3,"column":0},"end":{"line":3,"column":45}},"2":{"start":{"line":4,"column":0},"end":{"line":4,"column":null}},"3":{"start":{"line":13,"column":38},"end":{"line":28,"column":1}},"4":{"start":{"line":14,"column":2},"end":{"line":27,"column":3}},"5":{"start":{"line":15,"column":19},"end":{"line":15,"column":44}},"6":{"start":{"line":16,"column":4},"end":{"line":18,"column":5}},"7":{"start":{"line":17,"column":6},"end":{"line":17,"column":19}},"8":{"start":{"line":19,"column":56},"end":{"line":19,"column":64}},"9":{"start":{"line":20,"column":16},"end":{"line":20,"column":76}},"10":{"start":{"line":21,"column":4},"end":{"line":23,"column":5}},"11":{"start":{"line":22,"column":6},"end":{"line":22,"column":16}},"12":{"start":{"line":24,"column":4},"end":{"line":24,"column":39}},"13":{"start":{"line":26,"column":4},"end":{"line":26,"column":16}},"14":{"start":{"line":13,"column":13},"end":{"line":13,"column":38}},"15":{"start":{"line":30,"column":39},"end":{"line":43,"column":1}},"16":{"start":{"line":31,"column":2},"end":{"line":42,"column":3}},"17":{"start":{"line":32,"column":17},"end":{"line":32,"column":41}},"18":{"start":{"line":33,"column":4},"end":{"line":33,"column":60}},"19":{"start":{"line":33,"column":15},"end":{"line":33,"column":60}},"20":{"start":{"line":34,"column":19},"end":{"line":34,"column":31}},"21":{"start":{"line":35,"column":21},"end":{"line":35,"column":23}},"22":{"start":{"line":36,"column":25},"end":{"line":36,"column":54}},"23":{"start":{"line":37,"column":17},"end":{"line":37,"column":64}},"24":{"start":{"line":38,"column":4},"end":{"line":38,"column":57}},"25":{"start":{"line":38,"column":15},"end":{"line":38,"column":57}},"26":{"start":{"line":39,"column":4},"end":{"line":39,"column":41}},"27":{"start":{"line":41,"column":4},"end":{"line":41,"column":16}},"28":{"start":{"line":30,"column":13},"end":{"line":30,"column":39}},"29":{"start":{"line":45,"column":38},"end":{"line":55,"column":1}},"30":{"start":{"line":46,"column":2},"end":{"line":54,"column":3}},"31":{"start":{"line":47,"column":19},"end":{"line":47,"column":31}},"32":{"start":{"line":48,"column":15},"end":{"line":48,"column":28}},"33":{"start":{"line":49,"column":16},"end":{"line":49,"column":47}},"34":{"start":{"line":50,"column":4},"end":{"line":50,"column":56}},"35":{"start":{"line":50,"column":14},"end":{"line":50,"column":56}},"36":{"start":{"line":51,"column":4},"end":{"line":51,"column":39}},"37":{"start":{"line":53,"column":4},"end":{"line":53,"column":16}},"38":{"start":{"line":45,"column":13},"end":{"line":45,"column":38}},"39":{"start":{"line":57,"column":41},"end":{"line":67,"column":1}},"40":{"start":{"line":58,"column":2},"end":{"line":66,"column":3}},"41":{"start":{"line":59,"column":19},"end":{"line":59,"column":29}},"42":{"start":{"line":60,"column":23},"end":{"line":60,"column":31}},"43":{"start":{"line":61,"column":22},"end":{"line":61,"column":52}},"44":{"start":{"line":62,"column":4},"end":{"line":62,"column":55}},"45":{"start":{"line":62,"column":39},"end":{"line":62,"column":55}},"46":{"start":{"line":63,"column":4},"end":{"line":63,"column":40}},"47":{"start":{"line":65,"column":4},"end":{"line":65,"column":16}},"48":{"start":{"line":57,"column":13},"end":{"line":57,"column":41}},"49":{"start":{"line":69,"column":39},"end":{"line":92,"column":1}},"50":{"start":{"line":70,"column":2},"end":{"line":91,"column":3}},"51":{"start":{"line":71,"column":19},"end":{"line":71,"column":48}},"52":{"start":{"line":72,"column":4},"end":{"line":74,"column":5}},"53":{"start":{"line":73,"column":6},"end":{"line":73,"column":19}},"54":{"start":{"line":75,"column":19},"end":{"line":75,"column":29}},"55":{"start":{"line":76,"column":64},"end":{"line":76,"column":72}},"56":{"start":{"line":77,"column":25},"end":{"line":77,"column":27}},"57":{"start":{"line":78,"column":4},"end":{"line":78,"column":33}},"58":{"start":{"line":78,"column":14},"end":{"line":78,"column":33}},"59":{"start":{"line":79,"column":4},"end":{"line":79,"column":36}},"60":{"start":{"line":79,"column":15},"end":{"line":79,"column":36}},"61":{"start":{"line":80,"column":4},"end":{"line":80,"column":42}},"62":{"start":{"line":80,"column":17},"end":{"line":80,"column":42}},"63":{"start":{"line":81,"column":4},"end":{"line":81,"column":33}},"64":{"start":{"line":81,"column":14},"end":{"line":81,"column":33}},"65":{"start":{"line":82,"column":4},"end":{"line":82,"column":39}},"66":{"start":{"line":82,"column":16},"end":{"line":82,"column":39}},"67":{"start":{"line":84,"column":20},"end":{"line":84,"column":55}},"68":{"start":{"line":85,"column":4},"end":{"line":87,"column":5}},"69":{"start":{"line":86,"column":6},"end":{"line":86,"column":20}},"70":{"start":{"line":88,"column":4},"end":{"line":88,"column":34}},"71":{"start":{"line":90,"column":4},"end":{"line":90,"column":16}},"72":{"start":{"line":69,"column":13},"end":{"line":69,"column":39}},"73":{"start":{"line":94,"column":41},"end":{"line":104,"column":1}},"74":{"start":{"line":95,"column":2},"end":{"line":103,"column":3}},"75":{"start":{"line":96,"column":19},"end":{"line":96,"column":29}},"76":{"start":{"line":97,"column":23},"end":{"line":97,"column":31}},"77":{"start":{"line":98,"column":22},"end":{"line":98,"column":49}},"78":{"start":{"line":99,"column":4},"end":{"line":99,"column":75}},"79":{"start":{"line":99,"column":39},"end":{"line":99,"column":75}},"80":{"start":{"line":100,"column":4},"end":{"line":100,"column":56}},"81":{"start":{"line":102,"column":4},"end":{"line":102,"column":16}},"82":{"start":{"line":94,"column":13},"end":{"line":94,"column":41}}},"fnMap":{"0":{"name":"(anonymous_0)","decl":{"start":{"line":13,"column":38},"end":{"line":13,"column":43}},"loc":{"start":{"line":13,"column":63},"end":{"line":28,"column":1}}},"1":{"name":"(anonymous_1)","decl":{"start":{"line":30,"column":39},"end":{"line":30,"column":44}},"loc":{"start":{"line":30,"column":64},"end":{"line":43,"column":1}}},"2":{"name":"(anonymous_2)","decl":{"start":{"line":45,"column":38},"end":{"line":45,"column":43}},"loc":{"start":{"line":45,"column":63},"end":{"line":55,"column":1}}},"3":{"name":"(anonymous_3)","decl":{"start":{"line":57,"column":41},"end":{"line":57,"column":46}},"loc":{"start":{"line":57,"column":66},"end":{"line":67,"column":1}}},"4":{"name":"(anonymous_4)","decl":{"start":{"line":69,"column":39},"end":{"line":69,"column":44}},"loc":{"start":{"line":69,"column":64},"end":{"line":92,"column":1}}},"5":{"name":"(anonymous_5)","decl":{"start":{"line":94,"column":41},"end":{"line":94,"column":46}},"loc":{"start":{"line":94,"column":66},"end":{"line":104,"column":1}}}},"branchMap":{"0":{"loc":{"start":{"line":16,"column":4},"end":{"line":18,"column":5}},"type":"if","locations":[{"start":{"line":16,"column":4},"end":{"line":18,"column":5}}]},"1":{"loc":{"start":{"line":21,"column":4},"end":{"line":23,"column":5}},"type":"if","locations":[{"start":{"line":21,"column":4},"end":{"line":23,"column":5}}]},"2":{"loc":{"start":{"line":33,"column":4},"end":{"line":33,"column":60}},"type":"if","locations":[{"start":{"line":33,"column":4},"end":{"line":33,"column":60}}]},"3":{"loc":{"start":{"line":38,"column":4},"end":{"line":38,"column":57}},"type":"if","locations":[{"start":{"line":38,"column":4},"end":{"line":38,"column":57}}]},"4":{"loc":{"start":{"line":50,"column":4},"end":{"line":50,"column":56}},"type":"if","locations":[{"start":{"line":50,"column":4},"end":{"line":50,"column":56}}]},"5":{"loc":{"start":{"line":62,"column":4},"end":{"line":62,"column":55}},"type":"if","locations":[{"start":{"line":62,"column":4},"end":{"line":62,"column":55}}]},"6":{"loc":{"start":{"line":72,"column":4},"end":{"line":74,"column":5}},"type":"if","locations":[{"start":{"line":72,"column":4},"end":{"line":74,"column":5}}]},"7":{"loc":{"start":{"line":78,"column":4},"end":{"line":78,"column":33}},"type":"if","locations":[{"start":{"line":78,"column":4},"end":{"line":78,"column":33}}]},"8":{"loc":{"start":{"line":79,"column":4},"end":{"line":79,"column":36}},"type":"if","locations":[{"start":{"line":79,"column":4},"end":{"line":79,"column":36}}]},"9":{"loc":{"start":{"line":80,"column":4},"end":{"line":80,"column":42}},"type":"if","locations":[{"start":{"line":80,"column":4},"end":{"line":80,"column":42}}]},"10":{"loc":{"start":{"line":81,"column":4},"end":{"line":81,"column":33}},"type":"if","locations":[{"start":{"line":81,"column":4},"end":{"line":81,"column":33}}]},"11":{"loc":{"start":{"line":82,"column":4},"end":{"line":82,"column":39}},"type":"if","locations":[{"start":{"line":82,"column":4},"end":{"line":82,"column":39}}]},"12":{"loc":{"start":{"line":85,"column":4},"end":{"line":87,"column":5}},"type":"if","locations":[{"start":{"line":85,"column":4},"end":{"line":87,"column":5}}]},"13":{"loc":{"start":{"line":99,"column":4},"end":{"line":99,"column":75}},"type":"if","locations":[{"start":{"line":99,"column":4},"end":{"line":99,"column":75}}]}},"s":{"0":1,"1":1,"2":1,"3":1,"4":1,"5":1,"6":1,"7":0,"8":1,"9":1,"10":1,"11":0,"12":1,"13":0,"14":1,"15":1,"16":1,"17":1,"18":1,"19":0,"20":1,"21":1,"22":1,"23":1,"24":1,"25":0,"26":1,"27":0,"28":1,"29":1,"30":1,"31":1,"32":1,"33":1,"34":1,"35":0,"36":1,"37":0,"38":1,"39":1,"40":0,"41":0,"42":0,"43":0,"44":0,"45":0,"46":0,"47":0,"48":1,"49":1,"50":1,"51":1,"52":1,"53":0,"54":1,"55":1,"56":1,"57":1,"58":1,"59":1,"60":0,"61":1,"62":0,"63":1,"64":0,"65":1,"66":0,"67":1,"68":1,"69":0,"70":1,"71":0,"72":1,"73":1,"74":0,"75":0,"76":0,"77":0,"78":0,"79":0,"80":0,"81":0,"82":1},"f":{"0":1,"1":1,"2":1,"3":0,"4":1,"5":0},"b":{"0":[0],"1":[0],"2":[0],"3":[0],"4":[0],"5":[0],"6":[0],"7":[1],"8":[0],"9":[0],"10":[0],"11":[0],"12":[0],"13":[0]}}
,"/home/simone/git/handleSub/src/controller/user.controller.ts": {"path":"/home/simone/git/handleSub/src/controller/user.controller.ts","statementMap":{"0":{"start":{"line":2,"column":0},"end":{"line":2,"column":28}},"1":{"start":{"line":3,"column":0},"end":{"line":3,"column":70}},"2":{"start":{"line":4,"column":0},"end":{"line":4,"column":45}},"3":{"start":{"line":5,"column":0},"end":{"line":5,"column":67}},"4":{"start":{"line":6,"column":0},"end":{"line":6,"column":60}},"5":{"start":{"line":7,"column":0},"end":{"line":7,"column":42}},"6":{"start":{"line":9,"column":44},"end":{"line":26,"column":1}},"7":{"start":{"line":10,"column":2},"end":{"line":25,"column":3}},"8":{"start":{"line":11,"column":19},"end":{"line":11,"column":45}},"9":{"start":{"line":12,"column":4},"end":{"line":14,"column":5}},"10":{"start":{"line":13,"column":6},"end":{"line":13,"column":19}},"11":{"start":{"line":15,"column":32},"end":{"line":15,"column":40}},"12":{"start":{"line":16,"column":27},"end":{"line":16,"column":58}},"13":{"start":{"line":18,"column":17},"end":{"line":18,"column":56}},"14":{"start":{"line":19,"column":4},"end":{"line":21,"column":5}},"15":{"start":{"line":20,"column":6},"end":{"line":20,"column":17}},"16":{"start":{"line":22,"column":4},"end":{"line":22,"column":31}},"17":{"start":{"line":24,"column":4},"end":{"line":24,"column":16}},"18":{"start":{"line":9,"column":13},"end":{"line":9,"column":44}},"19":{"start":{"line":27,"column":41},"end":{"line":48,"column":1}},"20":{"start":{"line":28,"column":2},"end":{"line":47,"column":3}},"21":{"start":{"line":29,"column":19},"end":{"line":29,"column":45}},"22":{"start":{"line":30,"column":4},"end":{"line":32,"column":5}},"23":{"start":{"line":31,"column":6},"end":{"line":31,"column":19}},"24":{"start":{"line":33,"column":32},"end":{"line":33,"column":40}},"25":{"start":{"line":34,"column":17},"end":{"line":34,"column":41}},"26":{"start":{"line":35,"column":4},"end":{"line":37,"column":5}},"27":{"start":{"line":36,"column":6},"end":{"line":36,"column":48}},"28":{"start":{"line":39,"column":4},"end":{"line":44,"column":5}},"29":{"start":{"line":40,"column":20},"end":{"line":40,"column":42}},"30":{"start":{"line":41,"column":6},"end":{"line":41,"column":45}},"31":{"start":{"line":43,"column":6},"end":{"line":43,"column":53}},"32":{"start":{"line":46,"column":4},"end":{"line":46,"column":16}},"33":{"start":{"line":27,"column":13},"end":{"line":27,"column":41}},"34":{"start":{"line":49,"column":42},"end":{"line":49,"column":70}},"35":{"start":{"line":49,"column":13},"end":{"line":49,"column":42}},"36":{"start":{"line":51,"column":42},"end":{"line":60,"column":1}},"37":{"start":{"line":52,"column":20},"end":{"line":52,"column":28}},"38":{"start":{"line":53,"column":14},"end":{"line":53,"column":31}},"39":{"start":{"line":54,"column":2},"end":{"line":54,"column":75}},"40":{"start":{"line":54,"column":11},"end":{"line":54,"column":75}},"41":{"start":{"line":55,"column":2},"end":{"line":55,"column":22}},"42":{"start":{"line":56,"column":2},"end":{"line":59,"column":3}},"43":{"start":{"line":58,"column":4},"end":{"line":58,"column":16}},"44":{"start":{"line":51,"column":13},"end":{"line":51,"column":42}}},"fnMap":{"0":{"name":"(anonymous_1)","decl":{"start":{"line":9,"column":44},"end":{"line":9,"column":49}},"loc":{"start":{"line":9,"column":69},"end":{"line":26,"column":1}}},"1":{"name":"(anonymous_2)","decl":{"start":{"line":27,"column":41},"end":{"line":27,"column":46}},"loc":{"start":{"line":27,"column":66},"end":{"line":48,"column":1}}},"2":{"name":"(anonymous_3)","decl":{"start":{"line":49,"column":42},"end":{"line":49,"column":47}},"loc":{"start":{"line":49,"column":67},"end":{"line":49,"column":70}}},"3":{"name":"(anonymous_4)","decl":{"start":{"line":51,"column":42},"end":{"line":51,"column":47}},"loc":{"start":{"line":51,"column":67},"end":{"line":60,"column":1}}}},"branchMap":{"0":{"loc":{"start":{"line":12,"column":4},"end":{"line":14,"column":5}},"type":"if","locations":[{"start":{"line":12,"column":4},"end":{"line":14,"column":5}}]},"1":{"loc":{"start":{"line":19,"column":4},"end":{"line":21,"column":5}},"type":"if","locations":[{"start":{"line":19,"column":4},"end":{"line":21,"column":5}}]},"2":{"loc":{"start":{"line":30,"column":4},"end":{"line":32,"column":5}},"type":"if","locations":[{"start":{"line":30,"column":4},"end":{"line":32,"column":5}}]},"3":{"loc":{"start":{"line":35,"column":4},"end":{"line":37,"column":5}},"type":"if","locations":[{"start":{"line":35,"column":4},"end":{"line":37,"column":5}}]},"4":{"loc":{"start":{"line":35,"column":8},"end":{"line":35,"column":31}},"type":"binary-expr","locations":[{"start":{"line":35,"column":8},"end":{"line":35,"column":13}},{"start":{"line":35,"column":17},"end":{"line":35,"column":31}}]},"5":{"loc":{"start":{"line":39,"column":4},"end":{"line":44,"column":5}},"type":"if","locations":[{"start":{"line":39,"column":4},"end":{"line":44,"column":5}},{"start":{"line":42,"column":11},"end":{"line":44,"column":5}}]},"6":{"loc":{"start":{"line":54,"column":2},"end":{"line":54,"column":75}},"type":"if","locations":[{"start":{"line":54,"column":2},"end":{"line":54,"column":75}}]}},"s":{"0":1,"1":1,"2":1,"3":1,"4":1,"5":1,"6":1,"7":0,"8":0,"9":0,"10":0,"11":0,"12":0,"13":0,"14":0,"15":0,"16":0,"17":0,"18":1,"19":1,"20":1,"21":1,"22":1,"23":0,"24":1,"25":1,"26":1,"27":0,"28":1,"29":1,"30":1,"31":0,"32":0,"33":1,"34":1,"35":1,"36":1,"37":0,"38":0,"39":0,"40":0,"41":0,"42":0,"43":0,"44":1},"f":{"0":0,"1":1,"2":0,"3":0},"b":{"0":[0],"1":[0],"2":[0],"3":[0],"4":[1,1],"5":[1,0],"6":[0]}}
,"/home/simone/git/handleSub/src/error/apiError.ts": {"path":"/home/simone/git/handleSub/src/error/apiError.ts","statementMap":{"0":{"start":{"line":5,"column":4},"end":{"line":5,"column":19}},"1":{"start":{"line":6,"column":4},"end":{"line":6,"column":33}},"2":{"start":{"line":7,"column":4},"end":{"line":7,"column":52}},"3":{"start":{"line":1,"column":0},"end":{"line":1,"column":13}}},"fnMap":{"0":{"name":"(anonymous_0)","decl":{"start":{"line":4,"column":2},"end":{"line":4,"column":14}},"loc":{"start":{"line":4,"column":49},"end":{"line":8,"column":3}}}},"branchMap":{},"s":{"0":0,"1":0,"2":0,"3":1},"f":{"0":0},"b":{}}
,"/home/simone/git/handleSub/src/error/joiValidateBody.ts": {"path":"/home/simone/git/handleSub/src/error/joiValidateBody.ts","statementMap":{"0":{"start":{"line":1,"column":0},"end":{"line":1,"column":74}},"1":{"start":{"line":2,"column":0},"end":{"line":2,"column":61}},"2":{"start":{"line":3,"column":0},"end":{"line":3,"column":45}},"3":{"start":{"line":19,"column":31},"end":{"line":25,"column":1}},"4":{"start":{"line":20,"column":20},"end":{"line":20,"column":44}},"5":{"start":{"line":21,"column":2},"end":{"line":23,"column":3}},"6":{"start":{"line":22,"column":4},"end":{"line":22,"column":41}},"7":{"start":{"line":24,"column":2},"end":{"line":24,"column":14}},"8":{"start":{"line":19,"column":13},"end":{"line":19,"column":31}},"9":{"start":{"line":26,"column":32},"end":{"line":32,"column":1}},"10":{"start":{"line":27,"column":20},"end":{"line":27,"column":45}},"11":{"start":{"line":28,"column":2},"end":{"line":30,"column":3}},"12":{"start":{"line":29,"column":4},"end":{"line":29,"column":41}},"13":{"start":{"line":31,"column":2},"end":{"line":31,"column":14}},"14":{"start":{"line":26,"column":13},"end":{"line":26,"column":32}},"15":{"start":{"line":34,"column":35},"end":{"line":40,"column":1}},"16":{"start":{"line":35,"column":20},"end":{"line":35,"column":48}},"17":{"start":{"line":36,"column":2},"end":{"line":38,"column":3}},"18":{"start":{"line":37,"column":4},"end":{"line":37,"column":41}},"19":{"start":{"line":39,"column":2},"end":{"line":39,"column":14}},"20":{"start":{"line":34,"column":13},"end":{"line":34,"column":35}}},"fnMap":{"0":{"name":"(anonymous_0)","decl":{"start":{"line":19,"column":31},"end":{"line":19,"column":32}},"loc":{"start":{"line":19,"column":49},"end":{"line":25,"column":1}}},"1":{"name":"(anonymous_1)","decl":{"start":{"line":26,"column":32},"end":{"line":26,"column":33}},"loc":{"start":{"line":26,"column":51},"end":{"line":32,"column":1}}},"2":{"name":"(anonymous_2)","decl":{"start":{"line":34,"column":35},"end":{"line":34,"column":36}},"loc":{"start":{"line":34,"column":53},"end":{"line":40,"column":1}}}},"branchMap":{"0":{"loc":{"start":{"line":21,"column":2},"end":{"line":23,"column":3}},"type":"if","locations":[{"start":{"line":21,"column":2},"end":{"line":23,"column":3}}]},"1":{"loc":{"start":{"line":28,"column":2},"end":{"line":30,"column":3}},"type":"if","locations":[{"start":{"line":28,"column":2},"end":{"line":30,"column":3}}]},"2":{"loc":{"start":{"line":36,"column":2},"end":{"line":38,"column":3}},"type":"if","locations":[{"start":{"line":36,"column":2},"end":{"line":38,"column":3}}]}},"s":{"0":1,"1":1,"2":1,"3":1,"4":1,"5":1,"6":0,"7":1,"8":1,"9":1,"10":1,"11":1,"12":0,"13":1,"14":1,"15":1,"16":1,"17":1,"18":0,"19":1,"20":1},"f":{"0":1,"1":1,"2":1},"b":{"0":[0],"1":[0],"2":[0]}}
,"/home/simone/git/handleSub/src/middleware/authTokenJwt.ts": {"path":"/home/simone/git/handleSub/src/middleware/authTokenJwt.ts","statementMap":{"0":{"start":{"line":2,"column":0},"end":{"line":2,"column":47}},"1":{"start":{"line":3,"column":0},"end":{"line":3,"column":46}},"2":{"start":{"line":4,"column":0},"end":{"line":4,"column":45}},"3":{"start":{"line":5,"column":0},"end":{"line":5,"column":42}},"4":{"start":{"line":7,"column":41},"end":{"line":39,"column":1}},"5":{"start":{"line":8,"column":2},"end":{"line":38,"column":3}},"6":{"start":{"line":9,"column":16},"end":{"line":9,"column":20}},"7":{"start":{"line":10,"column":4},"end":{"line":12,"column":5}},"8":{"start":{"line":11,"column":6},"end":{"line":11,"column":57}},"9":{"start":{"line":13,"column":4},"end":{"line":15,"column":5}},"10":{"start":{"line":14,"column":6},"end":{"line":14,"column":47}},"11":{"start":{"line":16,"column":4},"end":{"line":29,"column":5}},"12":{"start":{"line":17,"column":6},"end":{"line":26,"column":9}},"13":{"start":{"line":19,"column":8},"end":{"line":25,"column":9}},"14":{"start":{"line":20,"column":10},"end":{"line":20,"column":51}},"15":{"start":{"line":22,"column":10},"end":{"line":22,"column":71}},"16":{"start":{"line":23,"column":10},"end":{"line":23,"column":33}},"17":{"start":{"line":24,"column":10},"end":{"line":24,"column":17}},"18":{"start":{"line":28,"column":6},"end":{"line":28,"column":55}},"19":{"start":{"line":31,"column":4},"end":{"line":37,"column":5}},"20":{"start":{"line":32,"column":6},"end":{"line":32,"column":62}},"21":{"start":{"line":33,"column":11},"end":{"line":37,"column":5}},"22":{"start":{"line":34,"column":6},"end":{"line":34,"column":51}},"23":{"start":{"line":36,"column":6},"end":{"line":36,"column":63}},"24":{"start":{"line":7,"column":13},"end":{"line":7,"column":41}}},"fnMap":{"0":{"name":"(anonymous_1)","decl":{"start":{"line":7,"column":41},"end":{"line":7,"column":46}},"loc":{"start":{"line":7,"column":66},"end":{"line":39,"column":1}}},"1":{"name":"(anonymous_2)","decl":{"start":{"line":17,"column":36},"end":{"line":17,"column":37}},"loc":{"start":{"line":17,"column":53},"end":{"line":26,"column":7}}}},"branchMap":{"0":{"loc":{"start":{"line":10,"column":4},"end":{"line":12,"column":5}},"type":"if","locations":[{"start":{"line":10,"column":4},"end":{"line":12,"column":5}}]},"1":{"loc":{"start":{"line":13,"column":4},"end":{"line":15,"column":5}},"type":"if","locations":[{"start":{"line":13,"column":4},"end":{"line":15,"column":5}}]},"2":{"loc":{"start":{"line":16,"column":4},"end":{"line":29,"column":5}},"type":"if","locations":[{"start":{"line":16,"column":4},"end":{"line":29,"column":5}},{"start":{"line":27,"column":11},"end":{"line":29,"column":5}}]},"3":{"loc":{"start":{"line":19,"column":8},"end":{"line":25,"column":9}},"type":"if","locations":[{"start":{"line":19,"column":8},"end":{"line":25,"column":9}},{"start":{"line":21,"column":15},"end":{"line":25,"column":9}}]},"4":{"loc":{"start":{"line":31,"column":4},"end":{"line":37,"column":5}},"type":"if","locations":[{"start":{"line":31,"column":4},"end":{"line":37,"column":5}},{"start":{"line":33,"column":11},"end":{"line":37,"column":5}}]},"5":{"loc":{"start":{"line":33,"column":11},"end":{"line":37,"column":5}},"type":"if","locations":[{"start":{"line":33,"column":11},"end":{"line":37,"column":5}},{"start":{"line":35,"column":11},"end":{"line":37,"column":5}}]}},"s":{"0":1,"1":1,"2":1,"3":1,"4":1,"5":4,"6":4,"7":4,"8":4,"9":4,"10":0,"11":4,"12":4,"13":4,"14":0,"15":4,"16":4,"17":4,"18":0,"19":0,"20":0,"21":0,"22":0,"23":0,"24":1},"f":{"0":4,"1":4},"b":{"0":[4],"1":[0],"2":[4,0],"3":[0,4],"4":[0,0],"5":[0,0]}}
,"/home/simone/git/handleSub/src/middleware/errorHandler.ts": {"path":"/home/simone/git/handleSub/src/middleware/errorHandler.ts","statementMap":{"0":{"start":{"line":2,"column":0},"end":{"line":2,"column":45}},"1":{"start":{"line":4,"column":49},"end":{"line":13,"column":1}},"2":{"start":{"line":5,"column":2},"end":{"line":11,"column":3}},"3":{"start":{"line":6,"column":4},"end":{"line":6,"column":60}},"4":{"start":{"line":7,"column":9},"end":{"line":11,"column":3}},"5":{"start":{"line":8,"column":4},"end":{"line":8,"column":49}},"6":{"start":{"line":10,"column":4},"end":{"line":10,"column":61}},"7":{"start":{"line":12,"column":2},"end":{"line":12,"column":9}},"8":{"start":{"line":4,"column":13},"end":{"line":4,"column":49}}},"fnMap":{"0":{"name":"(anonymous_0)","decl":{"start":{"line":4,"column":49},"end":{"line":4,"column":50}},"loc":{"start":{"line":4,"column":73},"end":{"line":13,"column":1}}}},"branchMap":{"0":{"loc":{"start":{"line":5,"column":2},"end":{"line":11,"column":3}},"type":"if","locations":[{"start":{"line":5,"column":2},"end":{"line":11,"column":3}},{"start":{"line":7,"column":9},"end":{"line":11,"column":3}}]},"1":{"loc":{"start":{"line":7,"column":9},"end":{"line":11,"column":3}},"type":"if","locations":[{"start":{"line":7,"column":9},"end":{"line":11,"column":3}},{"start":{"line":9,"column":9},"end":{"line":11,"column":3}}]}},"s":{"0":1,"1":1,"2":0,"3":0,"4":0,"5":0,"6":0,"7":0,"8":1},"f":{"0":0},"b":{"0":[0,0],"1":[0,0]}}
,"/home/simone/git/handleSub/src/repositories/subscription.Repository.ts": {"path":"/home/simone/git/handleSub/src/repositories/subscription.Repository.ts","statementMap":{"0":{"start":{"line":5,"column":0},"end":{"line":5,"column":7}},"1":{"start":{"line":17,"column":0},"end":{"line":17,"column":7}},"2":{"start":{"line":36,"column":0},"end":{"line":36,"column":7}},"3":{"start":{"line":52,"column":0},"end":{"line":52,"column":7}},"4":{"start":{"line":75,"column":0},"end":{"line":75,"column":7}},"5":{"start":{"line":1,"column":0},"end":{"line":1,"column":42}},"6":{"start":{"line":2,"column":0},"end":{"line":2,"column":45}},"7":{"start":{"line":9,"column":14},"end":{"line":13,"column":10}},"8":{"start":{"line":14,"column":2},"end":{"line":14,"column":13}},"9":{"start":{"line":18,"column":23},"end":{"line":18,"column":67}},"10":{"start":{"line":19,"column":2},"end":{"line":33,"column":3}},"11":{"start":{"line":21,"column":4},"end":{"line":30,"column":7}},"12":{"start":{"line":32,"column":4},"end":{"line":32,"column":50}},"13":{"start":{"line":41,"column":15},"end":{"line":46,"column":4}},"14":{"start":{"line":47,"column":16},"end":{"line":47,"column":61}},"15":{"start":{"line":49,"column":2},"end":{"line":49,"column":25}},"16":{"start":{"line":57,"column":24},"end":{"line":58,"column":null}},"17":{"start":{"line":58,"column":46},"end":{"line":58,"column":61}},"18":{"start":{"line":61,"column":2},"end":{"line":63,"column":3}},"19":{"start":{"line":62,"column":4},"end":{"line":62,"column":66}},"20":{"start":{"line":64,"column":18},"end":{"line":64,"column":49}},"21":{"start":{"line":65,"column":2},"end":{"line":67,"column":3}},"22":{"start":{"line":66,"column":4},"end":{"line":66,"column":46}},"23":{"start":{"line":68,"column":20},"end":{"line":71,"column":4}},"24":{"start":{"line":72,"column":2},"end":{"line":72,"column":19}},"25":{"start":{"line":76,"column":21},"end":{"line":76,"column":52}},"26":{"start":{"line":77,"column":2},"end":{"line":79,"column":3}},"27":{"start":{"line":78,"column":4},"end":{"line":78,"column":46}},"28":{"start":{"line":80,"column":2},"end":{"line":82,"column":5}}},"fnMap":{"0":{"name":"getSubOne","decl":{"start":{"line":5,"column":22},"end":{"line":5,"column":31}},"loc":{"start":{"line":7,"column":45},"end":{"line":15,"column":1}}},"1":{"name":"createSub","decl":{"start":{"line":17,"column":22},"end":{"line":17,"column":31}},"loc":{"start":{"line":17,"column":58},"end":{"line":34,"column":1}}},"2":{"name":"getSubsPagination","decl":{"start":{"line":36,"column":22},"end":{"line":36,"column":39}},"loc":{"start":{"line":39,"column":16},"end":{"line":50,"column":1}}},"3":{"name":"updateSub","decl":{"start":{"line":52,"column":22},"end":{"line":52,"column":31}},"loc":{"start":{"line":55,"column":23},"end":{"line":73,"column":1}}},"4":{"name":"(anonymous_4)","decl":{"start":{"line":58,"column":34},"end":{"line":58,"column":35}},"loc":{"start":{"line":58,"column":46},"end":{"line":58,"column":61}}},"5":{"name":"deleteSubOne","decl":{"start":{"line":75,"column":22},"end":{"line":75,"column":34}},"loc":{"start":{"line":75,"column":61},"end":{"line":83,"column":1}}}},"branchMap":{"0":{"loc":{"start":{"line":9,"column":14},"end":{"line":13,"column":10}},"type":"cond-expr","locations":[{"start":{"line":10,"column":6},"end":{"line":10,"column":72}},{"start":{"line":11,"column":6},"end":{"line":13,"column":10}}]},"1":{"loc":{"start":{"line":11,"column":6},"end":{"line":13,"column":10}},"type":"cond-expr","locations":[{"start":{"line":12,"column":6},"end":{"line":12,"column":69}},{"start":{"line":13,"column":6},"end":{"line":13,"column":10}}]},"2":{"loc":{"start":{"line":19,"column":2},"end":{"line":33,"column":3}},"type":"if","locations":[{"start":{"line":19,"column":2},"end":{"line":33,"column":3}},{"start":{"line":31,"column":9},"end":{"line":33,"column":3}}]},"3":{"loc":{"start":{"line":61,"column":2},"end":{"line":63,"column":3}},"type":"if","locations":[{"start":{"line":61,"column":2},"end":{"line":63,"column":3}}]},"4":{"loc":{"start":{"line":65,"column":2},"end":{"line":67,"column":3}},"type":"if","locations":[{"start":{"line":65,"column":2},"end":{"line":67,"column":3}}]},"5":{"loc":{"start":{"line":77,"column":2},"end":{"line":79,"column":3}},"type":"if","locations":[{"start":{"line":77,"column":2},"end":{"line":79,"column":3}}]}},"s":{"0":1,"1":1,"2":1,"3":1,"4":1,"5":1,"6":1,"7":3,"8":3,"9":1,"10":1,"11":1,"12":0,"13":1,"14":1,"15":1,"16":1,"17":1,"18":1,"19":0,"20":1,"21":1,"22":0,"23":1,"24":1,"25":0,"26":0,"27":0,"28":0},"f":{"0":3,"1":1,"2":1,"3":1,"4":1,"5":0},"b":{"0":[1,2],"1":[2,0],"2":[1,0],"3":[0],"4":[0],"5":[0]}}
,"/home/simone/git/handleSub/src/repositories/user.Repository.ts": {"path":"/home/simone/git/handleSub/src/repositories/user.Repository.ts","statementMap":{"0":{"start":{"line":4,"column":0},"end":{"line":4,"column":7}},"1":{"start":{"line":15,"column":0},"end":{"line":15,"column":7}},"2":{"start":{"line":19,"column":0},"end":{"line":19,"column":7}},"3":{"start":{"line":28,"column":0},"end":{"line":28,"column":7}},"4":{"start":{"line":45,"column":0},"end":{"line":45,"column":7}},"5":{"start":{"line":1,"column":0},"end":{"line":1,"column":42}},"6":{"start":{"line":2,"column":0},"end":{"line":2,"column":45}},"7":{"start":{"line":5,"column":2},"end":{"line":12,"column":3}},"8":{"start":{"line":7,"column":4},"end":{"line":9,"column":7}},"9":{"start":{"line":11,"column":4},"end":{"line":11,"column":51}},"10":{"start":{"line":16,"column":16},"end":{"line":16,"column":58}},"11":{"start":{"line":17,"column":2},"end":{"line":17,"column":15}},"12":{"start":{"line":20,"column":15},"end":{"line":24,"column":10}},"13":{"start":{"line":25,"column":2},"end":{"line":25,"column":14}},"14":{"start":{"line":32,"column":24},"end":{"line":33,"column":null}},"15":{"start":{"line":33,"column":46},"end":{"line":33,"column":61}},"16":{"start":{"line":36,"column":2},"end":{"line":38,"column":3}},"17":{"start":{"line":37,"column":4},"end":{"line":37,"column":57}},"18":{"start":{"line":39,"column":2},"end":{"line":42,"column":5}},"19":{"start":{"line":46,"column":2},"end":{"line":48,"column":5}}},"fnMap":{"0":{"name":"createUser","decl":{"start":{"line":4,"column":22},"end":{"line":4,"column":32}},"loc":{"start":{"line":4,"column":64},"end":{"line":13,"column":1}}},"1":{"name":"getUsers","decl":{"start":{"line":15,"column":22},"end":{"line":15,"column":30}},"loc":{"start":{"line":15,"column":57},"end":{"line":18,"column":1}}},"2":{"name":"getUser","decl":{"start":{"line":19,"column":22},"end":{"line":19,"column":29}},"loc":{"start":{"line":19,"column":74},"end":{"line":26,"column":1}}},"3":{"name":"updateUser","decl":{"start":{"line":28,"column":22},"end":{"line":28,"column":32}},"loc":{"start":{"line":30,"column":54},"end":{"line":43,"column":1}}},"4":{"name":"(anonymous_4)","decl":{"start":{"line":33,"column":34},"end":{"line":33,"column":35}},"loc":{"start":{"line":33,"column":46},"end":{"line":33,"column":61}}},"5":{"name":"deleteUser","decl":{"start":{"line":45,"column":22},"end":{"line":45,"column":32}},"loc":{"start":{"line":45,"column":43},"end":{"line":49,"column":1}}}},"branchMap":{"0":{"loc":{"start":{"line":5,"column":2},"end":{"line":12,"column":3}},"type":"if","locations":[{"start":{"line":5,"column":2},"end":{"line":12,"column":3}},{"start":{"line":10,"column":9},"end":{"line":12,"column":3}}]},"1":{"loc":{"start":{"line":20,"column":15},"end":{"line":24,"column":10}},"type":"cond-expr","locations":[{"start":{"line":21,"column":6},"end":{"line":21,"column":68}},{"start":{"line":22,"column":6},"end":{"line":24,"column":10}}]},"2":{"loc":{"start":{"line":22,"column":6},"end":{"line":24,"column":10}},"type":"cond-expr","locations":[{"start":{"line":23,"column":6},"end":{"line":23,"column":62}},{"start":{"line":24,"column":6},"end":{"line":24,"column":10}}]},"3":{"loc":{"start":{"line":36,"column":2},"end":{"line":38,"column":3}},"type":"if","locations":[{"start":{"line":36,"column":2},"end":{"line":38,"column":3}}]}},"s":{"0":1,"1":1,"2":1,"3":1,"4":1,"5":1,"6":1,"7":0,"8":0,"9":0,"10":0,"11":0,"12":1,"13":1,"14":0,"15":0,"16":0,"17":0,"18":0,"19":0},"f":{"0":0,"1":0,"2":1,"3":0,"4":0,"5":0},"b":{"0":[0,0],"1":[1,0],"2":[0,0],"3":[0]}}
,"/home/simone/git/handleSub/src/utils/generateToken.ts": {"path":"/home/simone/git/handleSub/src/utils/generateToken.ts","statementMap":{"0":{"start":{"line":1,"column":0},"end":{"line":1,"column":31}},"1":{"start":{"line":2,"column":0},"end":{"line":2,"column":46}},"2":{"start":{"line":4,"column":29},"end":{"line":6,"column":1}},"3":{"start":{"line":5,"column":2},"end":{"line":5,"column":65}},"4":{"start":{"line":4,"column":13},"end":{"line":4,"column":29}},"5":{"start":{"line":8,"column":26},"end":{"line":12,"column":1}},"6":{"start":{"line":9,"column":17},"end":{"line":9,"column":54}},"7":{"start":{"line":10,"column":14},"end":{"line":10,"column":43}},"8":{"start":{"line":11,"column":2},"end":{"line":11,"column":27}},"9":{"start":{"line":8,"column":13},"end":{"line":8,"column":26}}},"fnMap":{"0":{"name":"(anonymous_1)","decl":{"start":{"line":4,"column":29},"end":{"line":4,"column":30}},"loc":{"start":{"line":4,"column":45},"end":{"line":6,"column":1}}},"1":{"name":"(anonymous_2)","decl":{"start":{"line":8,"column":26},"end":{"line":8,"column":27}},"loc":{"start":{"line":8,"column":44},"end":{"line":12,"column":1}}}},"branchMap":{},"s":{"0":1,"1":1,"2":1,"3":1,"4":1,"5":1,"6":0,"7":0,"8":0,"9":1},"f":{"0":1,"1":0},"b":{}}
}
