TN:
SF:prisma/schema/sub.schema.ts
FNF:0
FNH:0
DA:1,1
DA:3,1
DA:17,1
LF:3
LH:3
BRF:0
BRH:0
end_of_record
TN:
SF:prisma/schema/user.schema.ts
FNF:0
FNH:0
DA:1,1
DA:3,1
LF:2
LH:2
BRF:0
BRH:0
end_of_record
TN:
SF:src/index.ts
FN:20,(anonymous_1)
FN:23,(anonymous_2)
FNF:2
FNH:1
FNDA:0,(anonymous_1)
FNDA:1,(anonymous_2)
DA:1,1
DA:2,1
DA:3,1
DA:4,1
DA:5,1
DA:6,1
DA:7,1
DA:8,1
DA:10,1
DA:12,1
DA:13,1
DA:14,1
DA:16,1
DA:17,1
DA:18,1
DA:20,1
DA:21,0
DA:23,1
DA:24,1
LF:19
LH:18
BRF:0
BRH:0
end_of_record
TN:
SF:src/Router/subscription.routes.ts
FNF:0
FNH:0
DA:1,1
DA:2,1
DA:10,1
DA:12,1
DA:14,1
DA:15,1
DA:16,1
DA:17,1
DA:18,1
DA:19,1
DA:21,1
LF:11
LH:11
BRF:0
BRH:0
end_of_record
TN:
SF:src/Router/user.routes.ts
FNF:0
FNH:0
DA:1,1
DA:2,1
DA:7,1
DA:10,1
DA:12,1
DA:13,1
DA:14,1
DA:16,1
LF:8
LH:8
BRF:0
BRH:0
end_of_record
TN:
SF:src/config/config.ts
FNF:0
FNH:0
DA:1,1
DA:3,1
DA:5,1
DA:6,1
DA:7,1
LF:5
LH:5
BRDA:6,0,0,1
BRDA:6,0,1,0
BRF:2
BRH:1
end_of_record
TN:
SF:src/config/prisma.ts
FN:5,(anonymous_0)
FNF:1
FNH:1
FNDA:1,(anonymous_0)
DA:1,1
DA:3,1
DA:5,1
DA:6,1
DA:7,1
DA:8,1
DA:10,0
DA:11,0
DA:15,1
LF:9
LH:7
BRF:0
BRH:0
end_of_record
TN:
SF:src/config/redis.ts
FN:4,(anonymous_0)
FN:6,(anonymous_1)
FNF:2
FNH:1
FNDA:0,(anonymous_0)
FNDA:1,(anonymous_1)
DA:1,1
DA:3,1
DA:4,1
DA:6,1
DA:7,1
DA:8,1
DA:10,1
LF:7
LH:7
BRF:0
BRH:0
end_of_record
TN:
SF:src/controller/subscription.controller.ts
FN:13,(anonymous_0)
FN:30,(anonymous_1)
FN:45,(anonymous_2)
FN:57,(anonymous_3)
FN:69,(anonymous_4)
FN:94,(anonymous_5)
FNF:6
FNH:4
FNDA:1,(anonymous_0)
FNDA:1,(anonymous_1)
FNDA:1,(anonymous_2)
FNDA:0,(anonymous_3)
FNDA:1,(anonymous_4)
FNDA:0,(anonymous_5)
DA:2,1
DA:3,1
DA:4,1
DA:13,1
DA:14,1
DA:15,1
DA:16,1
DA:17,0
DA:19,1
DA:20,1
DA:21,1
DA:22,0
DA:24,1
DA:26,0
DA:30,1
DA:31,1
DA:32,1
DA:33,1
DA:34,1
DA:35,1
DA:36,1
DA:37,1
DA:38,1
DA:39,1
DA:41,0
DA:45,1
DA:46,1
DA:47,1
DA:48,1
DA:49,1
DA:50,1
DA:51,1
DA:53,0
DA:57,1
DA:58,0
DA:59,0
DA:60,0
DA:61,0
DA:62,0
DA:63,0
DA:65,0
DA:69,1
DA:70,1
DA:71,1
DA:72,1
DA:73,0
DA:75,1
DA:76,1
DA:77,1
DA:78,1
DA:79,1
DA:80,1
DA:81,1
DA:82,1
DA:84,1
DA:85,1
DA:86,0
DA:88,1
DA:90,0
DA:94,1
DA:95,0
DA:96,0
DA:97,0
DA:98,0
DA:99,0
DA:100,0
DA:102,0
LF:67
LH:45
BRDA:16,0,0,0
BRDA:21,1,0,0
BRDA:33,2,0,0
BRDA:38,3,0,0
BRDA:50,4,0,0
BRDA:62,5,0,0
BRDA:72,6,0,0
BRDA:78,7,0,1
BRDA:79,8,0,0
BRDA:80,9,0,0
BRDA:81,10,0,0
BRDA:82,11,0,0
BRDA:85,12,0,0
BRDA:99,13,0,0
BRF:14
BRH:1
end_of_record
TN:
SF:src/controller/user.controller.ts
FN:9,(anonymous_1)
FN:27,(anonymous_2)
FN:49,(anonymous_3)
FN:51,(anonymous_4)
FNF:4
FNH:1
FNDA:0,(anonymous_1)
FNDA:1,(anonymous_2)
FNDA:0,(anonymous_3)
FNDA:0,(anonymous_4)
DA:2,1
DA:3,1
DA:4,1
DA:5,1
DA:6,1
DA:7,1
DA:9,1
DA:10,0
DA:11,0
DA:12,0
DA:13,0
DA:15,0
DA:16,0
DA:18,0
DA:19,0
DA:20,0
DA:22,0
DA:24,0
DA:27,1
DA:28,1
DA:29,1
DA:30,1
DA:31,0
DA:33,1
DA:34,1
DA:35,1
DA:36,0
DA:39,1
DA:40,1
DA:41,1
DA:43,0
DA:46,0
DA:49,1
DA:51,1
DA:52,0
DA:53,0
DA:54,0
DA:55,0
DA:56,0
DA:58,0
LF:40
LH:19
BRDA:12,0,0,0
BRDA:19,1,0,0
BRDA:30,2,0,0
BRDA:35,3,0,0
BRDA:35,4,0,1
BRDA:35,4,1,1
BRDA:39,5,0,1
BRDA:39,5,1,0
BRDA:54,6,0,0
BRF:9
BRH:3
end_of_record
TN:
SF:src/error/apiError.ts
FN:4,(anonymous_0)
FNF:1
FNH:0
FNDA:0,(anonymous_0)
DA:1,1
DA:5,0
DA:6,0
DA:7,0
LF:4
LH:1
BRF:0
BRH:0
end_of_record
TN:
SF:src/error/joiValidateBody.ts
FN:19,(anonymous_0)
FN:26,(anonymous_1)
FN:34,(anonymous_2)
FNF:3
FNH:3
FNDA:1,(anonymous_0)
FNDA:1,(anonymous_1)
FNDA:1,(anonymous_2)
DA:1,1
DA:2,1
DA:3,1
DA:19,1
DA:20,1
DA:21,1
DA:22,0
DA:24,1
DA:26,1
DA:27,1
DA:28,1
DA:29,0
DA:31,1
DA:34,1
DA:35,1
DA:36,1
DA:37,0
DA:39,1
LF:18
LH:15
BRDA:21,0,0,0
BRDA:28,1,0,0
BRDA:36,2,0,0
BRF:3
BRH:0
end_of_record
TN:
SF:src/middleware/authTokenJwt.ts
FN:7,(anonymous_1)
FN:17,(anonymous_2)
FNF:2
FNH:2
FNDA:4,(anonymous_1)
FNDA:4,(anonymous_2)
DA:2,1
DA:3,1
DA:4,1
DA:5,1
DA:7,1
DA:8,4
DA:9,4
DA:10,4
DA:11,4
DA:13,4
DA:14,0
DA:16,4
DA:17,4
DA:19,4
DA:20,0
DA:22,4
DA:23,4
DA:24,4
DA:28,0
DA:31,0
DA:32,0
DA:33,0
DA:34,0
DA:36,0
LF:24
LH:16
BRDA:10,0,0,4
BRDA:13,1,0,0
BRDA:16,2,0,4
BRDA:16,2,1,0
BRDA:19,3,0,0
BRDA:19,3,1,4
BRDA:31,4,0,0
BRDA:31,4,1,0
BRDA:33,5,0,0
BRDA:33,5,1,0
BRF:10
BRH:3
end_of_record
TN:
SF:src/middleware/errorHandler.ts
FN:4,(anonymous_0)
FNF:1
FNH:0
FNDA:0,(anonymous_0)
DA:2,1
DA:4,1
DA:5,0
DA:6,0
DA:7,0
DA:8,0
DA:10,0
DA:12,0
LF:8
LH:2
BRDA:5,0,0,0
BRDA:5,0,1,0
BRDA:7,1,0,0
BRDA:7,1,1,0
BRF:4
BRH:0
end_of_record
TN:
SF:src/repositories/subscription.Repository.ts
FN:5,getSubOne
FN:17,createSub
FN:36,getSubsPagination
FN:52,updateSub
FN:58,(anonymous_4)
FN:75,deleteSubOne
FNF:6
FNH:5
FNDA:3,getSubOne
FNDA:1,createSub
FNDA:1,getSubsPagination
FNDA:1,updateSub
FNDA:1,(anonymous_4)
FNDA:0,deleteSubOne
DA:1,1
DA:2,1
DA:5,1
DA:9,3
DA:14,3
DA:17,1
DA:18,1
DA:19,1
DA:21,1
DA:32,0
DA:36,1
DA:41,1
DA:47,1
DA:49,1
DA:52,1
DA:57,1
DA:58,1
DA:61,1
DA:62,0
DA:64,1
DA:65,1
DA:66,0
DA:68,1
DA:72,1
DA:75,1
DA:76,0
DA:77,0
DA:78,0
DA:80,0
LF:29
LH:22
BRDA:9,0,0,1
BRDA:9,0,1,2
BRDA:11,1,0,2
BRDA:11,1,1,0
BRDA:19,2,0,1
BRDA:19,2,1,0
BRDA:61,3,0,0
BRDA:65,4,0,0
BRDA:77,5,0,0
BRF:9
BRH:4
end_of_record
TN:
SF:src/repositories/user.Repository.ts
FN:4,createUser
FN:15,getUsers
FN:19,getUser
FN:28,updateUser
FN:33,(anonymous_4)
FN:45,deleteUser
FNF:6
FNH:1
FNDA:0,createUser
FNDA:0,getUsers
FNDA:1,getUser
FNDA:0,updateUser
FNDA:0,(anonymous_4)
FNDA:0,deleteUser
DA:1,1
DA:2,1
DA:4,1
DA:5,0
DA:7,0
DA:11,0
DA:15,1
DA:16,0
DA:17,0
DA:19,1
DA:20,1
DA:25,1
DA:28,1
DA:32,0
DA:33,0
DA:36,0
DA:37,0
DA:39,0
DA:45,1
DA:46,0
LF:20
LH:9
BRDA:5,0,0,0
BRDA:5,0,1,0
BRDA:20,1,0,1
BRDA:20,1,1,0
BRDA:22,2,0,0
BRDA:22,2,1,0
BRDA:36,3,0,0
BRF:7
BRH:1
end_of_record
TN:
SF:src/utils/generateToken.ts
FN:4,(anonymous_1)
FN:8,(anonymous_2)
FNF:2
FNH:1
FNDA:1,(anonymous_1)
FNDA:0,(anonymous_2)
DA:1,1
DA:2,1
DA:4,1
DA:5,1
DA:8,1
DA:9,0
DA:10,0
DA:11,0
LF:8
LH:5
BRF:0
BRH:0
end_of_record
